Copyright 1986-2018 Xilinx, Inc. All Rights Reserved.
----------------------------------------------------------------------------------------------
| Tool Version : Vivado v.2018.3 (win64) Build 2405991 Thu Dec  6 23:38:27 MST 2018
| Date         : Mon Sep  7 19:02:39 2020
| Host         : Dell-Piotrek running 64-bit major release  (build 9200)
| Command      : report_control_sets -verbose -file mb_design_wrapper_control_sets_placed.rpt
| Design       : mb_design_wrapper
| Device       : xc7z010
----------------------------------------------------------------------------------------------

Control Set Information

Table of Contents
-----------------
1. Summary
2. Histogram
3. Flip-Flop Distribution
4. Detailed Control Set Information

1. Summary
----------

+----------------------------------------------------------+-------+
|                          Status                          | Count |
+----------------------------------------------------------+-------+
| Number of unique control sets                            |   114 |
| Unused register locations in slices containing registers |   278 |
+----------------------------------------------------------+-------+


2. Histogram
------------

+--------+--------------+
| Fanout | Control Sets |
+--------+--------------+
|      1 |            9 |
|      2 |            2 |
|      3 |            1 |
|      4 |           24 |
|      5 |            3 |
|      6 |            6 |
|      7 |            1 |
|      8 |           23 |
|     10 |            3 |
|     11 |            1 |
|     12 |            1 |
|     14 |            2 |
|     15 |            1 |
|    16+ |           37 |
+--------+--------------+


3. Flip-Flop Distribution
-------------------------

+--------------+-----------------------+------------------------+-----------------+--------------+
| Clock Enable | Synchronous Set/Reset | Asynchronous Set/Reset | Total Registers | Total Slices |
+--------------+-----------------------+------------------------+-----------------+--------------+
| No           | No                    | No                     |             605 |          202 |
| No           | No                    | Yes                    |              29 |            7 |
| No           | Yes                   | No                     |             578 |          209 |
| Yes          | No                    | No                     |             225 |           65 |
| Yes          | No                    | Yes                    |              15 |            8 |
| Yes          | Yes                   | No                     |            1022 |          305 |
+--------------+-----------------------+------------------------+-----------------+--------------+


4. Detailed Control Set Information
-----------------------------------

+-----------------------------------------------------------------+-------------------------------------------------------------------------------------------------------------------------------------------------------------------------------------------------------------+-------------------------------------------------------------------------------------------------------------------------------------------------+------------------+----------------+
|                           Clock Signal                          |                                                                                                Enable Signal                                                                                                |                                                                 Set/Reset Signal                                                                | Slice Load Count | Bel Load Count |
+-----------------------------------------------------------------+-------------------------------------------------------------------------------------------------------------------------------------------------------------------------------------------------------------+-------------------------------------------------------------------------------------------------------------------------------------------------+------------------+----------------+
|  mb_design_i/mdm_1/U0/Use_E2.BSCAN_I/Dbg_Update_0               | mb_design_i/microblaze_0/U0/MicroBlaze_Core_I/Performance.Core/Use_Debug_Logic.Master_Core.Debug_Perf/Control_Reg_En                                                                                        | mb_design_i/microblaze_0/U0/MicroBlaze_Core_I/Performance.Core/Use_Debug_Logic.Master_Core.Debug_Perf/Serial_Dbg_Intf.force_stop_cmd_i_reg_0    |                1 |              1 |
|  mb_design_i/clk_wiz_1/inst/clk_out1                            |                                                                                                                                                                                                             | mb_design_i/axi_uart16550_0/U0/XUART_I_1/UART16550_I_1/GENERATING_FIFOS.rx_fifo_block_1/rx_fifo_control_1/bus2ip_reset_int_core_reg             |                1 |              1 |
|  mb_design_i/mdm_1/U0/Use_E2.BSCAN_I/Dbg_Update_0               | mb_design_i/microblaze_0/U0/MicroBlaze_Core_I/Performance.Core/Use_Debug_Logic.Master_Core.Debug_Perf/Control_Reg_En                                                                                        | mb_design_i/microblaze_0/U0/MicroBlaze_Core_I/Performance.Core/Use_Debug_Logic.Master_Core.Debug_Perf/start_single_step_reg_n_0                 |                1 |              1 |
|  mb_design_i/clk_wiz_1/inst/clk_out1                            |                                                                                                                                                                                                             | mb_design_i/microblaze_0/U0/MicroBlaze_Core_I/Performance.Core/Use_Debug_Logic.Master_Core.Debug_Perf/capture_1                                 |                1 |              1 |
|  mb_design_i/mdm_1/U0/Use_E2.BSCAN_I/Dbg_Update_0               | mb_design_i/microblaze_0/U0/MicroBlaze_Core_I/Performance.Core/Use_Debug_Logic.Master_Core.Debug_Perf/Control_Reg_En                                                                                        | mb_design_i/microblaze_0/U0/MicroBlaze_Core_I/Performance.Core/Use_Debug_Logic.Master_Core.Debug_Perf/Serial_Dbg_Intf.continue_from_brk_reg_n_0 |                1 |              1 |
| ~mb_design_i/mdm_1/U0/No_Dbg_Reg_Access.BUFG_DRCK/Ext_JTAG_DRCK | mb_design_i/mdm_1/U0/MDM_Core_I1/JTAG_CONTROL_I/Use_BSCAN.FDC_I/CE                                                                                                                                          | mb_design_i/mdm_1/U0/MDM_Core_I1/JTAG_CONTROL_I/Use_BSCAN.FDC_I/D_1                                                                             |                1 |              1 |
|  mb_design_i/mdm_1/U0/Use_E2.BSCAN_I/Dbg_Update_0               | mb_design_i/microblaze_0/U0/MicroBlaze_Core_I/Performance.Core/Use_Debug_Logic.Master_Core.Debug_Perf/Control_Reg_En                                                                                        | mb_design_i/microblaze_0/U0/MicroBlaze_Core_I/Performance.Core/Use_Debug_Logic.Master_Core.Debug_Perf/Serial_Dbg_Intf.normal_stop_cmd_i_reg_n_0 |                1 |              1 |
|  mb_design_i/mdm_1/U0/No_Dbg_Reg_Access.BUFG_DRCK/Ext_JTAG_DRCK | mb_design_i/mdm_1/U0/Use_E2.BSCAN_I/Use_BSCAN.PORT_Selector_reg[0]                                                                                                                                          | mb_design_i/mdm_1/U0/MDM_Core_I1/JTAG_CONTROL_I/sel_with_scan_reset19_out                                                                       |                1 |              1 |
| ~mb_design_i/mdm_1/U0/Use_E2.BSCAN_I/Dbg_Update_0               |                                                                                                                                                                                                             | mb_design_i/mdm_1/U0/MDM_Core_I1/JTAG_CONTROL_I/sel_n                                                                                           |                1 |              1 |
|  mb_design_i/mdm_1/U0/Use_E2.BSCAN_I/Dbg_Update_0               | mb_design_i/microblaze_0/U0/MicroBlaze_Core_I/Performance.Core/Use_Debug_Logic.Master_Core.Debug_Perf/Command_Reg_En                                                                                        | mb_design_i/microblaze_0/U0/MicroBlaze_Core_I/Performance.Core/Use_Debug_Logic.Master_Core.Debug_Perf/command_reg_clear                         |                1 |              2 |
|  mb_design_i/clk_wiz_1/inst/clk_out1                            | mb_design_i/microblaze_0/U0/MicroBlaze_Core_I/Performance.Core/Decode_I/Use_MuxCy[11].OF_Piperun_Stage/MUXCY_I/of_pause_reg                                                                                 |                                                                                                                                                 |                1 |              2 |
|  mb_design_i/mdm_1/U0/Use_E2.BSCAN_I/Dbg_Update_0               |                                                                                                                                                                                                             |                                                                                                                                                 |                1 |              3 |
|  mb_design_i/clk_wiz_1/inst/clk_out1                            |                                                                                                                                                                                                             | mb_design_i/axi_uart16550_0/U0/XUART_I_1/UART16550_I_1/rx16550_1/framing_error_flag0                                                            |                1 |              4 |
| ~mb_design_i/mdm_1/U0/Use_E2.BSCAN_I/Dbg_Update_0               |                                                                                                                                                                                                             | mb_design_i/mdm_1/U0/Use_E2.BSCAN_I/AR[0]                                                                                                       |                1 |              4 |
|  mb_design_i/clk_wiz_1/inst/clk_out1                            | mb_design_i/gpio_char_out_0/U0/AXI_LITE_IPIF_I/I_SLAVE_ATTACHMENT/bus2ip_addr_i[8]_i_1_n_0                                                                                                                  | mb_design_i/gpio_char_out_0/U0/AXI_LITE_IPIF_I/I_SLAVE_ATTACHMENT/SR[0]                                                                         |                1 |              4 |
|  mb_design_i/clk_wiz_1/inst/clk_out1                            | mb_design_i/axi_uart16550_0/U0/XUART_I_1/UART16550_I_1/ier1                                                                                                                                                 | mb_design_i/axi_uart16550_0/U0/bus2ip_reset_int_core                                                                                            |                1 |              4 |
|  mb_design_i/clk_wiz_1/inst/clk_out1                            |                                                                                                                                                                                                             | mb_design_i/gpio_out_ready_0/U0/AXI_LITE_IPIF_I/I_SLAVE_ATTACHMENT/clear                                                                        |                1 |              4 |
|  mb_design_i/mdm_1/U0/Use_E2.BSCAN_I/Dbg_Update_0               | mb_design_i/microblaze_0/U0/MicroBlaze_Core_I/Performance.Core/Use_Debug_Logic.Master_Core.Debug_Perf/Control_Reg_En                                                                                        |                                                                                                                                                 |                3 |              4 |
|  mb_design_i/clk_wiz_1/inst/clk_out1                            |                                                                                                                                                                                                             | mb_design_i/axi_uart16550_0/U0/XUART_I_1/UART16550_I_1/msr_reg0                                                                                 |                1 |              4 |
|  mb_design_i/clk_wiz_1/inst/clk_out1                            |                                                                                                                                                                                                             | mb_design_i/gpio_char_out_0/U0/AXI_LITE_IPIF_I/I_SLAVE_ATTACHMENT/clear                                                                         |                1 |              4 |
|  mb_design_i/mdm_1/U0/Use_E2.BSCAN_I/Dbg_Update_0               | mb_design_i/mdm_1/U0/MDM_Core_I1/MDM_SEL                                                                                                                                                                    | mb_design_i/mdm_1/U0/Use_E2.BSCAN_I/AR[0]                                                                                                       |                1 |              4 |
|  mb_design_i/clk_wiz_1/inst/clk_out1                            |                                                                                                                                                                                                             | mb_design_i/gpio_char_in_0/U0/AXI_LITE_IPIF_I/I_SLAVE_ATTACHMENT/clear                                                                          |                1 |              4 |
|  mb_design_i/clk_wiz_1/inst/clk_out1                            |                                                                                                                                                                                                             | mb_design_i/gpio_in_ready_0/U0/AXI_LITE_IPIF_I/I_SLAVE_ATTACHMENT/clear                                                                         |                1 |              4 |
|  mb_design_i/mdm_1/U0/No_Dbg_Reg_Access.BUFG_DRCK/Ext_JTAG_DRCK | mb_design_i/mdm_1/U0/MDM_Core_I1/p_3_out                                                                                                                                                                    | mb_design_i/mdm_1/U0/Use_E2.BSCAN_I/AR[0]                                                                                                       |                1 |              4 |
|  mb_design_i/clk_wiz_1/inst/clk_out1                            | mb_design_i/axi_uart16550_0/U0/XUART_I_1/UART16550_I_1/rx16550_1/clkdiv[3]_i_1_n_0                                                                                                                          |                                                                                                                                                 |                3 |              4 |
|  mb_design_i/clk_wiz_1/inst/clk_out1                            | mb_design_i/gpio_char_in_0/U0/AXI_LITE_IPIF_I/I_SLAVE_ATTACHMENT/start2                                                                                                                                     | mb_design_i/gpio_char_in_0/U0/AXI_LITE_IPIF_I/I_SLAVE_ATTACHMENT/I_DECODER/cs_ce_clr                                                            |                2 |              4 |
|  mb_design_i/clk_wiz_1/inst/clk_out1                            | mb_design_i/axi_uart16550_0/U0/XUART_I_1/UART16550_I_1/tx16550_1/clkdiv[3]_i_1__0_n_0                                                                                                                       | mb_design_i/axi_uart16550_0/U0/bus2ip_reset_int_core                                                                                            |                1 |              4 |
|  mb_design_i/clk_wiz_1/inst/clk_out1                            | mb_design_i/axi_uart16550_0/U0/XUART_I_1/UART16550_I_1/msr_reg0                                                                                                                                             |                                                                                                                                                 |                2 |              4 |
|  mb_design_i/clk_wiz_1/inst/clk_out1                            | mb_design_i/axi_uart16550_0/U0/AXI_LITE_IPIF_I/I_SLAVE_ATTACHMENT/bus2ip_addr_i[4]_i_1_n_0                                                                                                                  | mb_design_i/axi_uart16550_0/U0/bus2ip_reset_int_core                                                                                            |                2 |              4 |
|  mb_design_i/clk_wiz_1/inst/clk_out1                            | mb_design_i/gpio_char_out_0/U0/AXI_LITE_IPIF_I/I_SLAVE_ATTACHMENT/start2                                                                                                                                    | mb_design_i/gpio_char_out_0/U0/AXI_LITE_IPIF_I/I_SLAVE_ATTACHMENT/I_DECODER/cs_ce_clr                                                           |                1 |              4 |
|  mb_design_i/clk_wiz_1/inst/clk_out1                            | mb_design_i/gpio_out_ready_0/U0/AXI_LITE_IPIF_I/I_SLAVE_ATTACHMENT/bus2ip_addr_i[8]_i_1_n_0                                                                                                                 | mb_design_i/gpio_out_ready_0/U0/AXI_LITE_IPIF_I/I_SLAVE_ATTACHMENT/SS[0]                                                                        |                3 |              4 |
|  mb_design_i/clk_wiz_1/inst/clk_out1                            | mb_design_i/gpio_out_ready_0/U0/AXI_LITE_IPIF_I/I_SLAVE_ATTACHMENT/start2                                                                                                                                   | mb_design_i/gpio_out_ready_0/U0/AXI_LITE_IPIF_I/I_SLAVE_ATTACHMENT/I_DECODER/cs_ce_clr                                                          |                1 |              4 |
|  mb_design_i/clk_wiz_1/inst/clk_out1                            | mb_design_i/axi_uart16550_0/U0/XUART_I_1/UART16550_I_1/GENERATING_FIFOS.rx_error_in_fifo_cnt[3]_i_2_n_0                                                                                                     | mb_design_i/axi_uart16550_0/U0/XUART_I_1/UART16550_I_1/p_1_out                                                                                  |                1 |              4 |
|  mb_design_i/clk_wiz_1/inst/clk_out1                            | mb_design_i/gpio_in_ready_0/U0/AXI_LITE_IPIF_I/I_SLAVE_ATTACHMENT/start2                                                                                                                                    | mb_design_i/gpio_in_ready_0/U0/AXI_LITE_IPIF_I/I_SLAVE_ATTACHMENT/I_DECODER/cs_ce_clr                                                           |                1 |              4 |
|  mb_design_i/clk_wiz_1/inst/clk_out1                            | mb_design_i/gpio_in_ready_0/U0/AXI_LITE_IPIF_I/I_SLAVE_ATTACHMENT/bus2ip_addr_i[8]_i_1_n_0                                                                                                                  | mb_design_i/gpio_in_ready_0/U0/AXI_LITE_IPIF_I/I_SLAVE_ATTACHMENT/SS[0]                                                                         |                1 |              4 |
|  mb_design_i/clk_wiz_1/inst/clk_out1                            | mb_design_i/gpio_char_in_0/U0/AXI_LITE_IPIF_I/I_SLAVE_ATTACHMENT/bus2ip_addr_i[8]_i_1_n_0                                                                                                                   | mb_design_i/gpio_char_in_0/U0/AXI_LITE_IPIF_I/I_SLAVE_ATTACHMENT/SR[0]                                                                          |                1 |              4 |
|  mb_design_i/clk_wiz_1/inst/clk_out1                            | mb_design_i/microblaze_0/U0/MicroBlaze_Core_I/Performance.Core/Decode_I/wb_Halted                                                                                                                           | mb_design_i/microblaze_0/U0/MicroBlaze_Core_I/sync_reset                                                                                        |                2 |              5 |
|  mb_design_i/clk_wiz_1/inst/clk_out1                            |                                                                                                                                                                                                             | mb_design_i/rst_clk_wiz_1_100M/U0/EXT_LPF/lpf_int                                                                                               |                2 |              5 |
|  mb_design_i/clk_wiz_1/inst/clk_out1                            | mb_design_i/axi_uart16550_0/U0/XUART_I_1/UART16550_I_1/mcr0                                                                                                                                                 | mb_design_i/axi_uart16550_0/U0/bus2ip_reset_int_core                                                                                            |                1 |              5 |
|  mb_design_i/clk_wiz_1/inst/clk_out1                            |                                                                                                                                                                                                             | mb_design_i/axi_uart16550_0/U0/XUART_I_1/UART16550_I_1/rx_fifo_rst                                                                              |                2 |              6 |
|  mb_design_i/clk_wiz_1/inst/clk_out1                            |                                                                                                                                                                                                             | mb_design_i/axi_uart16550_0/U0/XUART_I_1/UART16550_I_1/tx_fifo_rst                                                                              |                3 |              6 |
|  mb_design_i/mdm_1/U0/No_Dbg_Reg_Access.BUFG_DRCK/Ext_JTAG_DRCK | mb_design_i/mdm_1/U0/MDM_Core_I1/JTAG_CONTROL_I/Use_BSCAN.FDC_I/Use_BSCAN.command_reg[5][0]                                                                                                                 |                                                                                                                                                 |                1 |              6 |
|  mb_design_i/mdm_1/U0/No_Dbg_Reg_Access.BUFG_DRCK/Ext_JTAG_DRCK | mb_design_i/mdm_1/U0/Use_E2.BSCAN_I/Use_BSCAN.command_reg[5][0]                                                                                                                                             |                                                                                                                                                 |                3 |              6 |
|  mb_design_i/mdm_1/U0/No_Dbg_Reg_Access.BUFG_DRCK/Ext_JTAG_DRCK | mb_design_i/mdm_1/U0/Use_E2.BSCAN_I/E[0]                                                                                                                                                                    |                                                                                                                                                 |                2 |              6 |
|  mb_design_i/clk_wiz_1/inst/clk_out1                            | mb_design_i/rst_clk_wiz_1_100M/U0/SEQ/seq_cnt_en                                                                                                                                                            | mb_design_i/rst_clk_wiz_1_100M/U0/SEQ/SEQ_COUNTER/clear                                                                                         |                1 |              6 |
|  mb_design_i/clk_wiz_1/inst/clk_out1                            | mb_design_i/axi_uart16550_0/U0/XUART_I_1/UART16550_I_1/rx16550_1/clk1x                                                                                                                                      | mb_design_i/axi_uart16550_0/U0/XUART_I_1/UART16550_I_1/rx16550_1/parity_error_d0                                                                |                4 |              7 |
|  mb_design_i/clk_wiz_1/inst/clk_out1                            | mb_design_i/axi_uart16550_0/U0/AXI_LITE_IPIF_I/I_SLAVE_ATTACHMENT/s_axi_rresp_i                                                                                                                             | mb_design_i/axi_uart16550_0/U0/bus2ip_reset_int_core                                                                                            |                2 |              8 |
|  mb_design_i/clk_wiz_1/inst/clk_out1                            | mb_design_i/axi_uart16550_0/U0/XUART_I_1/UART16550_I_1/GENERATING_FIFOS.tx_fifo_block_1/srl_fifo_rbu_f_i1/DYNSHREG_F_I/tx_fifo_wr_en_i                                                                      |                                                                                                                                                 |                1 |              8 |
|  mb_design_i/clk_wiz_1/inst/clk_out1                            | mb_design_i/axi_uart16550_0/U0/XUART_I_1/UART16550_I_1/Lcr0                                                                                                                                                 | mb_design_i/axi_uart16550_0/U0/bus2ip_reset_int_core                                                                                            |                2 |              8 |
|  mb_design_i/clk_wiz_1/inst/clk_out1                            | mb_design_i/axi_uart16550_0/U0/XUART_I_1/UART16550_I_1/Thr0                                                                                                                                                 | mb_design_i/axi_uart16550_0/U0/bus2ip_reset_int_core                                                                                            |                1 |              8 |
|  mb_design_i/clk_wiz_1/inst/clk_out1                            | mb_design_i/axi_uart16550_0/U0/XUART_I_1/UART16550_I_1/dll0                                                                                                                                                 | mb_design_i/axi_uart16550_0/U0/bus2ip_reset_int_core                                                                                            |                2 |              8 |
|  mb_design_i/clk_wiz_1/inst/clk_out1                            | mb_design_i/axi_uart16550_0/U0/XUART_I_1/UART16550_I_1/dlm0                                                                                                                                                 | mb_design_i/axi_uart16550_0/U0/bus2ip_reset_int_core                                                                                            |                3 |              8 |
|  mb_design_i/clk_wiz_1/inst/clk_out1                            | mb_design_i/axi_uart16550_0/U0/XUART_I_1/UART16550_I_1/scr0                                                                                                                                                 | mb_design_i/axi_uart16550_0/U0/bus2ip_reset_int_core                                                                                            |                6 |              8 |
|  mb_design_i/clk_wiz_1/inst/clk_out1                            | mb_design_i/axi_uart16550_0/U0/XUART_I_1/UART16550_I_1/p_92_in                                                                                                                                              | mb_design_i/axi_uart16550_0/U0/bus2ip_reset_int_core                                                                                            |                3 |              8 |
|  mb_design_i/clk_wiz_1/inst/clk_out1                            | mb_design_i/censor_ip_0/inst/censor_ip_v1_0_S00_AXI_inst/slv_reg0[7]_i_1_n_0                                                                                                                                | mb_design_i/censor_ip_0/inst/censor_ip_v1_0_S00_AXI_inst/axi_awready_i_1_n_0                                                                    |                1 |              8 |
|  mb_design_i/clk_wiz_1/inst/clk_out1                            | mb_design_i/censor_ip_0/inst/censor_ip_v1_0_S00_AXI_inst/slv_reg0[23]_i_1_n_0                                                                                                                               | mb_design_i/censor_ip_0/inst/censor_ip_v1_0_S00_AXI_inst/axi_awready_i_1_n_0                                                                    |                1 |              8 |
|  mb_design_i/clk_wiz_1/inst/clk_out1                            | mb_design_i/censor_ip_0/inst/censor_ip_v1_0_S00_AXI_inst/slv_reg0[31]_i_1_n_0                                                                                                                               | mb_design_i/censor_ip_0/inst/censor_ip_v1_0_S00_AXI_inst/axi_awready_i_1_n_0                                                                    |                1 |              8 |
| ~mb_design_i/mdm_1/U0/Use_E2.BSCAN_I/Dbg_Update_0               | mb_design_i/mdm_1/U0/MDM_Core_I1/JTAG_CONTROL_I/Use_BSCAN.command[0]_i_1_n_0                                                                                                                                |                                                                                                                                                 |                2 |              8 |
|  mb_design_i/clk_wiz_1/inst/clk_out1                            | mb_design_i/censor_ip_0/inst/censor_ip_v1_0_S00_AXI_inst/p_1_in[15]                                                                                                                                         | mb_design_i/censor_ip_0/inst/censor_ip_v1_0_S00_AXI_inst/axi_awready_i_1_n_0                                                                    |                1 |              8 |
|  mb_design_i/clk_wiz_1/inst/clk_out1                            | mb_design_i/censor_ip_0/inst/censor_ip_v1_0_S00_AXI_inst/p_1_in[23]                                                                                                                                         | mb_design_i/censor_ip_0/inst/censor_ip_v1_0_S00_AXI_inst/axi_awready_i_1_n_0                                                                    |                1 |              8 |
|  mb_design_i/clk_wiz_1/inst/clk_out1                            | mb_design_i/censor_ip_0/inst/censor_ip_v1_0_S00_AXI_inst/p_1_in[31]                                                                                                                                         | mb_design_i/censor_ip_0/inst/censor_ip_v1_0_S00_AXI_inst/axi_awready_i_1_n_0                                                                    |                1 |              8 |
|  mb_design_i/clk_wiz_1/inst/clk_out1                            | mb_design_i/censor_ip_0/inst/censor_ip_v1_0_S00_AXI_inst/p_1_in[7]                                                                                                                                          | mb_design_i/censor_ip_0/inst/censor_ip_v1_0_S00_AXI_inst/axi_awready_i_1_n_0                                                                    |                1 |              8 |
|  mb_design_i/mdm_1/U0/No_Dbg_Reg_Access.BUFG_DRCK/Ext_JTAG_DRCK | mb_design_i/microblaze_0/U0/MicroBlaze_Core_I/Performance.Core/Use_Debug_Logic.Master_Core.Debug_Perf/Using_PC_Breakpoints.All_PC_Brks[0].Serial_Interface_1.address_hit_I/Compare[0].SRLC16E_I/which_pc__0 |                                                                                                                                                 |                7 |              8 |
|  mb_design_i/mdm_1/U0/No_Dbg_Reg_Access.BUFG_DRCK/Ext_JTAG_DRCK | mb_design_i/mdm_1/U0/MDM_Core_I1/JTAG_CONTROL_I/tdi_shifter0                                                                                                                                                |                                                                                                                                                 |                2 |              8 |
|  mb_design_i/mdm_1/U0/Use_E2.BSCAN_I/Dbg_Update_0               | mb_design_i/mdm_1/U0/MDM_Core_I1/JTAG_CONTROL_I/Use_BSCAN.FDC_I/Use_BSCAN.PORT_Selector_reg[2][0]                                                                                                           |                                                                                                                                                 |                1 |              8 |
|  mb_design_i/clk_wiz_1/inst/clk_out1                            | mb_design_i/axi_uart16550_0/U0/XUART_I_1/UART16550_I_1/rx16550_1/rbr_d0                                                                                                                                     | mb_design_i/axi_uart16550_0/U0/XUART_I_1/UART16550_I_1/rx16550_1/rx_rst                                                                         |                3 |              8 |
|  mb_design_i/clk_wiz_1/inst/clk_out1                            | mb_design_i/censor_ip_0/inst/censor_ip_v1_0_S00_AXI_inst/slv_reg0[15]_i_1_n_0                                                                                                                               | mb_design_i/censor_ip_0/inst/censor_ip_v1_0_S00_AXI_inst/axi_awready_i_1_n_0                                                                    |                1 |              8 |
|  mb_design_i/clk_wiz_1/inst/clk_out1                            | mb_design_i/axi_uart16550_0/U0/XUART_I_1/UART16550_I_1/rx16550_1/clk1x_d                                                                                                                                    | mb_design_i/axi_uart16550_0/U0/XUART_I_1/UART16550_I_1/rx16550_1/rx_rst                                                                         |                1 |              8 |
|  mb_design_i/clk_wiz_1/inst/clk_out1                            | mb_design_i/axi_uart16550_0/U0/XUART_I_1/UART16550_I_1/xuart_tx_load_sm_1/tsr_com                                                                                                                           | mb_design_i/axi_uart16550_0/U0/bus2ip_reset_int_core                                                                                            |                2 |              8 |
|  mb_design_i/clk_wiz_1/inst/clk_out1                            | mb_design_i/axi_uart16550_0/U0/XUART_I_1/UART16550_I_1/GENERATING_FIFOS.rx_fifo_block_1/rx_fifo_control_1/character_counter0                                                                                | mb_design_i/axi_uart16550_0/U0/XUART_I_1/UART16550_I_1/rx16550_1/SR[0]                                                                          |                2 |             10 |
|  mb_design_i/mdm_1/U0/No_Dbg_Reg_Access.BUFG_DRCK/Ext_JTAG_DRCK | mb_design_i/mdm_1/U0/MDM_Core_I1/JTAG_CONTROL_I/Use_BSCAN.FDC_I/E[0]                                                                                                                                        |                                                                                                                                                 |                3 |             10 |
|  mb_design_i/clk_wiz_1/inst/clk_out1                            |                                                                                                                                                                                                             | mb_design_i/censor_ip_0/inst/censor_ip_v1_0_S00_AXI_inst/axi_awready_i_1_n_0                                                                    |                4 |             10 |
|  mb_design_i/clk_wiz_1/inst/clk_out1                            | mb_design_i/axi_uart16550_0/U0/XUART_I_1/UART16550_I_1/rx16550_1/rx_fifo_wr_en_i                                                                                                                            |                                                                                                                                                 |                2 |             11 |
|  mb_design_i/clk_wiz_1/inst/clk_out1                            | mb_design_i/axi_uart16550_0/U0/XUART_I_1/UART16550_I_1/rx16550_1/rclk_int                                                                                                                                   | mb_design_i/axi_uart16550_0/U0/XUART_I_1/UART16550_I_1/rx16550_1/rx_rst                                                                         |                3 |             12 |
|  mb_design_i/clk_wiz_1/inst/clk_out1                            | mb_design_i/axi_uart16550_0/U0/XUART_I_1/UART16550_I_1/tx16550_1/Sout0                                                                                                                                      | mb_design_i/axi_uart16550_0/U0/bus2ip_reset_int_core                                                                                            |               10 |             14 |
|  mb_design_i/clk_wiz_1/inst/clk_out1                            |                                                                                                                                                                                                             | mb_design_i/microblaze_0_axi_periph/xbar/inst/gen_sasd.crossbar_sasd_0/addr_arbiter_inst/SR[0]                                                  |                4 |             14 |
|  mb_design_i/clk_wiz_1/inst/clk_out1                            | mb_design_i/microblaze_0_axi_periph/xbar/inst/gen_sasd.crossbar_sasd_0/reg_slice_r/aa_rready                                                                                                                |                                                                                                                                                 |                5 |             15 |
|  mb_design_i/clk_wiz_1/inst/clk_out1                            | mb_design_i/microblaze_0/U0/MicroBlaze_Core_I/Performance.Core/Decode_I/PreFetch_Buffer_I1/Instruction_Prefetch_Mux[4].Gen_Instr_DFF/Using_FPGA.Native_2[0]                                                 | mb_design_i/microblaze_0/U0/MicroBlaze_Core_I/sync_reset                                                                                        |                7 |             16 |
|  mb_design_i/clk_wiz_1/inst/clk_out1                            |                                                                                                                                                                                                             | mb_design_i/axi_uart16550_0/U0/XUART_I_1/UART16550_I_1/rx16550_1/rx_rst                                                                         |                7 |             18 |
|  mb_design_i/clk_wiz_1/inst/clk_out1                            | mb_design_i/microblaze_0/U0/MicroBlaze_Core_I/Performance.Core/Decode_I/mem_wait_on_ready_N_carry_or/MUXCY_I/lopt_1                                                                                         | mb_design_i/microblaze_0/U0/MicroBlaze_Core_I/sync_reset                                                                                        |                8 |             20 |
|  mb_design_i/clk_wiz_1/inst/clk_out1                            | mb_design_i/microblaze_0_axi_periph/xbar/inst/gen_sasd.crossbar_sasd_0/addr_arbiter_inst/p_0_in1_in                                                                                                         | mb_design_i/microblaze_0_axi_periph/xbar/inst/gen_sasd.crossbar_sasd_0/addr_arbiter_inst/SR[0]                                                  |                4 |             20 |
|  mb_design_i/clk_wiz_1/inst/clk_out1                            |                                                                                                                                                                                                             | mb_design_i/gpio_in_ready_0/U0/AXI_LITE_IPIF_I/I_SLAVE_ATTACHMENT/SS[0]                                                                         |                7 |             21 |
|  mb_design_i/clk_wiz_1/inst/clk_out1                            |                                                                                                                                                                                                             | mb_design_i/gpio_out_ready_0/U0/AXI_LITE_IPIF_I/I_SLAVE_ATTACHMENT/SS[0]                                                                        |                7 |             21 |
|  mb_design_i/mdm_1/U0/No_Dbg_Reg_Access.BUFG_DRCK/Ext_JTAG_DRCK |                                                                                                                                                                                                             | mb_design_i/mdm_1/U0/Use_E2.BSCAN_I/shift_n_reset1_out                                                                                          |                4 |             23 |
|  mb_design_i/clk_wiz_1/inst/clk_out1                            | mb_design_i/microblaze_0_axi_periph/xbar/inst/gen_sasd.crossbar_sasd_0/addr_arbiter_inst/s_axi_rvalid[0]                                                                                                    | mb_design_i/microblaze_0/U0/MicroBlaze_Core_I/sync_reset                                                                                        |                6 |             32 |
|  mb_design_i/clk_wiz_1/inst/clk_out1                            | mb_design_i/censor_ip_0/inst/censor_ip_v1_0_S00_AXI_inst/slv_reg_rden__0                                                                                                                                    | mb_design_i/censor_ip_0/inst/censor_ip_v1_0_S00_AXI_inst/axi_awready_i_1_n_0                                                                    |               15 |             32 |
|  mb_design_i/clk_wiz_1/inst/clk_out1                            | mb_design_i/microblaze_0/U0/MicroBlaze_Core_I/Performance.Core/Decode_I/Use_MuxCy[3].OF_Piperun_Stage/MUXCY_I/Using_FPGA.Native_0                                                                           | mb_design_i/microblaze_0/U0/MicroBlaze_Core_I/Performance.Core/Decode_I/R                                                                       |               13 |             32 |
|  mb_design_i/clk_wiz_1/inst/clk_out1                            |                                                                                                                                                                                                             | mb_design_i/microblaze_0/U0/MicroBlaze_Core_I/Performance.Core/p_1_out                                                                          |               13 |             32 |
|  mb_design_i/clk_wiz_1/inst/clk_out1                            | mb_design_i/microblaze_0/U0/MicroBlaze_Core_I/Performance.Core/Decode_I/Use_MuxCy[3].OF_Piperun_Stage/MUXCY_I/wb_exception_kind_i_reg[28][0]                                                                | mb_design_i/microblaze_0/U0/MicroBlaze_Core_I/sync_reset                                                                                        |                6 |             32 |
|  mb_design_i/clk_wiz_1/inst/clk_out1                            | mb_design_i/microblaze_0/U0/MicroBlaze_Core_I/Performance.Core/Decode_I/mem_wait_on_ready_N_carry_or/MUXCY_I/lopt_1                                                                                         |                                                                                                                                                 |                6 |             32 |
|  mb_design_i/clk_wiz_1/inst/clk_out1                            | mb_design_i/microblaze_0/U0/MicroBlaze_Core_I/Performance.Core/Decode_I/mem_wait_on_ready_N_carry_or/MUXCY_I/lopt_1                                                                                         | mb_design_i/microblaze_0/U0/MicroBlaze_Core_I/Performance.Core/Decode_I/SR[0]                                                                   |               12 |             32 |
|  mb_design_i/clk_wiz_1/inst/clk_out1                            | mb_design_i/gpio_char_in_0/U0/AXI_LITE_IPIF_I/I_SLAVE_ATTACHMENT/s_axi_rresp_i                                                                                                                              | mb_design_i/gpio_char_in_0/U0/AXI_LITE_IPIF_I/I_SLAVE_ATTACHMENT/SR[0]                                                                          |               10 |             32 |
|  mb_design_i/clk_wiz_1/inst/clk_out1                            | mb_design_i/gpio_char_out_0/U0/AXI_LITE_IPIF_I/I_SLAVE_ATTACHMENT/s_axi_rresp_i                                                                                                                             | mb_design_i/gpio_char_out_0/U0/AXI_LITE_IPIF_I/I_SLAVE_ATTACHMENT/SR[0]                                                                         |                6 |             32 |
|  mb_design_i/clk_wiz_1/inst/clk_out1                            | mb_design_i/microblaze_0/U0/MicroBlaze_Core_I/Performance.Core/Use_Debug_Logic.Master_Core.Debug_Perf/data_rd_reg[0]_i_1_n_0                                                                                | mb_design_i/microblaze_0/U0/MicroBlaze_Core_I/sync_reset                                                                                        |               10 |             32 |
|  mb_design_i/clk_wiz_1/inst/clk_out1                            | mb_design_i/gpio_char_out_0/U0/AXI_LITE_IPIF_I/I_SLAVE_ATTACHMENT/I_DECODER/bus2ip_rnw_i_reg[0]                                                                                                             | mb_design_i/gpio_char_out_0/U0/AXI_LITE_IPIF_I/I_SLAVE_ATTACHMENT/SR[0]                                                                         |                6 |             32 |
|  mb_design_i/clk_wiz_1/inst/clk_out1                            | mb_design_i/gpio_char_out_0/U0/AXI_LITE_IPIF_I/I_SLAVE_ATTACHMENT/I_DECODER/E[0]                                                                                                                            | mb_design_i/gpio_char_out_0/U0/AXI_LITE_IPIF_I/I_SLAVE_ATTACHMENT/SR[0]                                                                         |                5 |             32 |
|  mb_design_i/clk_wiz_1/inst/clk_out1                            | mb_design_i/gpio_char_in_0/U0/AXI_LITE_IPIF_I/I_SLAVE_ATTACHMENT/I_DECODER/E[0]                                                                                                                             | mb_design_i/gpio_char_in_0/U0/AXI_LITE_IPIF_I/I_SLAVE_ATTACHMENT/SR[0]                                                                          |                7 |             32 |
|  mb_design_i/clk_wiz_1/inst/clk_out1                            | mb_design_i/microblaze_0/U0/MicroBlaze_Core_I/Performance.Core/Decode_I/PreFetch_Buffer_I1/Gen_Mux_Select_LUT6[2].Gen_Sel_DFF/Using_FPGA.Native_0[0]                                                        | mb_design_i/microblaze_0/U0/MicroBlaze_Core_I/sync_reset                                                                                        |                6 |             32 |
|  mb_design_i/clk_wiz_1/inst/clk_out1                            | mb_design_i/gpio_char_in_0/U0/AXI_LITE_IPIF_I/I_SLAVE_ATTACHMENT/I_DECODER/bus2ip_rnw_i_reg[0]                                                                                                              | mb_design_i/gpio_char_in_0/U0/AXI_LITE_IPIF_I/I_SLAVE_ATTACHMENT/SR[0]                                                                          |                6 |             32 |
|  mb_design_i/mdm_1/U0/No_Dbg_Reg_Access.BUFG_DRCK/Ext_JTAG_DRCK | mb_design_i/microblaze_0/U0/MicroBlaze_Core_I/Performance.Core/Use_Debug_Logic.Master_Core.Debug_Perf/New_Dbg_Instr_TCK                                                                                     |                                                                                                                                                 |               10 |             32 |
|  mb_design_i/clk_wiz_1/inst/clk_out1                            | mb_design_i/microblaze_0_axi_periph/xbar/inst/gen_sasd.crossbar_sasd_0/addr_arbiter_inst/E[0]                                                                                                               |                                                                                                                                                 |                8 |             33 |
|  mb_design_i/mdm_1/U0/No_Dbg_Reg_Access.BUFG_DRCK/Ext_JTAG_DRCK | mb_design_i/mdm_1/U0/Use_E2.BSCAN_I/Use_BSCAN.PORT_Selector_reg[0]                                                                                                                                          |                                                                                                                                                 |               13 |             47 |
|  mb_design_i/clk_wiz_1/inst/clk_out1                            |                                                                                                                                                                                                             | mb_design_i/gpio_char_in_0/U0/AXI_LITE_IPIF_I/I_SLAVE_ATTACHMENT/SR[0]                                                                          |               14 |             47 |
|  mb_design_i/clk_wiz_1/inst/clk_out1                            |                                                                                                                                                                                                             | mb_design_i/gpio_char_out_0/U0/AXI_LITE_IPIF_I/I_SLAVE_ATTACHMENT/SR[0]                                                                         |               19 |             47 |
|  mb_design_i/clk_wiz_1/inst/clk_out1                            |                                                                                                                                                                                                             | mb_design_i/axi_uart16550_0/U0/bus2ip_reset_int_core                                                                                            |               17 |             49 |
|  mb_design_i/clk_wiz_1/inst/clk_out1                            |                                                                                                                                                                                                             | mb_design_i/gpio_char_in_0/U0/AXI_LITE_IPIF_I/I_SLAVE_ATTACHMENT/I_DECODER/bus2ip_rnw_i_reg_0                                                   |               17 |             64 |
|  mb_design_i/clk_wiz_1/inst/clk_out1                            |                                                                                                                                                                                                             | mb_design_i/gpio_char_out_0/U0/AXI_LITE_IPIF_I/I_SLAVE_ATTACHMENT/I_DECODER/bus2ip_rnw_i_reg_0                                                  |               17 |             64 |
|  mb_design_i/clk_wiz_1/inst/clk_out1                            | mb_design_i/microblaze_0/U0/MicroBlaze_Core_I/Performance.Core/Decode_I/PreFetch_Buffer_I1/Instruction_Prefetch_Mux[42].Instr_Mux_MUXF7/IReady_0                                                            |                                                                                                                                                 |               10 |             75 |
|  mb_design_i/clk_wiz_1/inst/clk_out1                            | mb_design_i/microblaze_0/U0/MicroBlaze_Core_I/Performance.Core/Decode_I/Use_MuxCy[3].OF_Piperun_Stage/MUXCY_I/Using_FPGA.Native_0                                                                           | mb_design_i/microblaze_0/U0/MicroBlaze_Core_I/sync_reset                                                                                        |               27 |             80 |
|  mb_design_i/mdm_1/U0/No_Dbg_Reg_Access.BUFG_DRCK/Ext_JTAG_DRCK |                                                                                                                                                                                                             |                                                                                                                                                 |               29 |             80 |
|  mb_design_i/clk_wiz_1/inst/clk_out1                            | mb_design_i/microblaze_0/U0/MicroBlaze_Core_I/Performance.Core/Decode_I/Performance_Debug_Control.dbg_state_nohalt_reg[34]                                                                                  |                                                                                                                                                 |               16 |            128 |
|  mb_design_i/clk_wiz_1/inst/clk_out1                            |                                                                                                                                                                                                             | mb_design_i/microblaze_0/U0/MicroBlaze_Core_I/sync_reset                                                                                        |               69 |            149 |
|  mb_design_i/clk_wiz_1/inst/clk_out1                            | mb_design_i/microblaze_0/U0/MicroBlaze_Core_I/Performance.Core/Decode_I/Use_MuxCy[11].OF_Piperun_Stage/MUXCY_I/of_pause_reg                                                                                 | mb_design_i/microblaze_0/U0/MicroBlaze_Core_I/sync_reset                                                                                        |               78 |            218 |
|  mb_design_i/clk_wiz_1/inst/clk_out1                            |                                                                                                                                                                                                             |                                                                                                                                                 |              175 |            539 |
+-----------------------------------------------------------------+-------------------------------------------------------------------------------------------------------------------------------------------------------------------------------------------------------------+-------------------------------------------------------------------------------------------------------------------------------------------------+------------------+----------------+


